22:29:08:008 [main] INFO  com.lw1.Main - Программа начала работу
22:29:08:008 [main] INFO  com.lw1.CreateFile.CreateArrayFromFile - Инициализация CreateArrayFromFile для файла: input1.txt
22:29:08:008 [main] INFO  com.lw1.CreateFile.CreateArrayFromFile - Чтение строки из файла.
22:29:08:008 [main] WARN  com.lw1.Main - Неверный формат строки: Неверный формат строки: 1 2.2  -3	4
22:29:08:008 [main] INFO  com.lw1.CreateFile.CreateArrayFromFile - Чтение строки из файла.
22:29:08:008 [main] INFO  com.lw1.CreateFile.CreateArrayFromFile - Создан новый массив.
22:29:08:008 [main] INFO  com.lw1.CreateFile.CreateArrayFromFile - Чтение строки из файла.
22:29:08:008 [main] WARN  com.lw1.Main - Неверный формат строки: Неверный формат строки: -0
22:29:08:008 [main] INFO  com.lw1.CreateFile.CreateArrayFromFile - Чтение строки из файла.
22:29:08:008 [main] INFO  com.lw1.CreateFile.CreateArrayFromFile - Создан новый массив.
22:29:08:008 [main] INFO  com.lw1.CreateFile.CreateArrayFromFile - Чтение строки из файла.
22:29:08:008 [main] WARN  com.lw1.Main - Неверный формат строки: Неверный формат строки: 3	6  -9
22:29:08:008 [main] INFO  com.lw1.CreateFile.CreateArrayFromFile - Чтение строки из файла.
22:29:08:008 [main] WARN  com.lw1.Main - Неверный формат строки: Неверный формат строки: 
22:29:08:008 [main] INFO  com.lw1.CreateFile.CreateArrayFromFile - Чтение строки из файла.
22:29:08:008 [main] WARN  com.lw1.Main - Неверный формат строки: Неверный формат строки: -1 -5
22:29:08:008 [main] INFO  com.lw1.CreateFile.CreateArrayFromFile - Чтение строки из файла.
22:29:08:008 [main] WARN  com.lw1.Main - Неверный формат строки: Неверный формат строки: 3z4 6
22:29:08:008 [main] INFO  com.lw1.CreateFile.CreateArrayFromFile - Закрытие ресурса CreateArrayFromFile.
22:29:08:008 [main] INFO  com.lw1.Main - Программа завершила работу
22:32:37:037 [main] INFO  com.lw1.Main - Программа начала работу
22:32:37:037 [main] INFO  com.lw1.CreateFile.CreateArrayFromFile - Инициализация CreateArrayFromFile для файла: input1.txt
22:32:37:037 [main] INFO  com.lw1.CreateFile.CreateArrayFromFile - Чтение строки из файла.
22:32:37:037 [main] WARN  com.lw1.Main - Неверный формат строки: Неверный формат строки: 1 2.2  -3	4
22:32:37:037 [main] INFO  com.lw1.CreateFile.CreateArrayFromFile - Чтение строки из файла.
22:32:37:037 [main] INFO  com.lw1.CreateFile.CreateArrayFromFile - Создан новый массив.
22:32:37:037 [main] INFO  com.lw1.CreateFile.CreateArrayFromFile - Чтение строки из файла.
22:32:37:037 [main] WARN  com.lw1.Main - Неверный формат строки: Неверный формат строки: -0
22:32:37:037 [main] INFO  com.lw1.CreateFile.CreateArrayFromFile - Чтение строки из файла.
22:32:37:037 [main] INFO  com.lw1.CreateFile.CreateArrayFromFile - Создан новый массив.
22:32:37:037 [main] INFO  com.lw1.CreateFile.CreateArrayFromFile - Чтение строки из файла.
22:32:37:037 [main] WARN  com.lw1.Main - Неверный формат строки: Неверный формат строки: 3	6  -9
22:32:37:037 [main] INFO  com.lw1.CreateFile.CreateArrayFromFile - Чтение строки из файла.
22:32:37:037 [main] WARN  com.lw1.Main - Неверный формат строки: Неверный формат строки: 
22:32:37:037 [main] INFO  com.lw1.CreateFile.CreateArrayFromFile - Чтение строки из файла.
